com.hrm.scripts.Login 2017-12-22 17:52:32,453 com.hrm.base.BaseTest.initFrameWork(BaseTest.java:55) Initializing ExtentReport 
com.hrm.scripts.Login 2017-12-22 17:52:32,942 com.hrm.base.BaseTest.initFrameWork(BaseTest.java:60) Initialize Global Variables 
com.hrm.scripts.Login 2017-12-22 17:52:32,978 com.hrm.base.BaseTest.initApplication(BaseTest.java:85) Opening Browser:chrome 
com.hrm.scripts.Login 2017-12-22 17:53:18,598 com.hrm.base.BaseTest.preCondition(BaseTest.java:106) Auto login 
com.hrm.scripts.Login 2017-12-22 17:53:29,387 com.hrm.base.BaseTest.preCondition(BaseTest.java:110) Started executing test:loginapp 
com.hrm.scripts.Login 2017-12-22 17:53:29,490 com.hrm.scripts.Login.loginapp(Login.java:18) landing page is login page 
com.hrm.scripts.Login 2017-12-22 17:53:29,507 com.hrm.base.BaseTest.postCondition(BaseTest.java:125) Test is PASSED 
com.hrm.scripts.Login 2017-12-22 17:53:29,507 com.hrm.base.BaseTest.postCondition(BaseTest.java:128) Auto logout 
com.hrm.scripts.Login 2017-12-22 17:53:34,601 com.hrm.base.BaseTest.closeApplication(BaseTest.java:98) Closing Browser 
com.hrm.scripts.Login 2017-12-22 17:53:36,186 com.hrm.base.BaseTest.publishReport(BaseTest.java:72) Publishing ExtentReport:./report/22_12_2017_05_52_32.html 
com.hrm.scripts.TestLeaveListToolTip 2017-12-22 17:56:43,085 com.hrm.base.BaseTest.initFrameWork(BaseTest.java:55) Initializing ExtentReport 
com.hrm.scripts.TestLeaveListToolTip 2017-12-22 17:56:43,537 com.hrm.base.BaseTest.initFrameWork(BaseTest.java:60) Initialize Global Variables 
com.hrm.scripts.TestLeaveListToolTip 2017-12-22 17:56:43,571 com.hrm.base.BaseTest.initApplication(BaseTest.java:85) Opening Browser:chrome 
com.hrm.scripts.TestLeaveListToolTip 2017-12-22 17:56:54,876 com.hrm.base.BaseTest.preCondition(BaseTest.java:106) Auto login 
com.hrm.scripts.TestLeaveListToolTip 2017-12-22 17:56:57,980 com.hrm.base.BaseTest.preCondition(BaseTest.java:110) Started executing test:testLeaveListToolTip 
com.hrm.pages.LeaveListPage 2017-12-22 17:57:06,245 com.hrm.base.BasePage.checkElementIsPresent(BasePage.java:42) PASS:Element is present 
com.hrm.pages.LeaveListPage 2017-12-22 17:57:06,246 com.hrm.pages.LeaveListPage.checkHideOptionsIsDispalyed(LeaveListPage.java:30) Hide Options tool tip is displayed 
com.hrm.scripts.TestLeaveListToolTip 2017-12-22 17:57:06,250 com.hrm.base.BaseTest.postCondition(BaseTest.java:125) Test is PASSED 
com.hrm.scripts.TestLeaveListToolTip 2017-12-22 17:57:06,251 com.hrm.base.BaseTest.postCondition(BaseTest.java:128) Auto logout 
com.hrm.scripts.TestLeaveListToolTip 2017-12-22 17:57:07,754 com.hrm.base.BaseTest.closeApplication(BaseTest.java:98) Closing Browser 
com.hrm.scripts.TestLoginButtonIsPresent 2017-12-22 17:57:09,239 com.hrm.base.BaseTest.initApplication(BaseTest.java:85) Opening Browser:chrome 
com.hrm.scripts.TestLoginButtonIsPresent 2017-12-22 17:57:17,804 com.hrm.base.BaseTest.preCondition(BaseTest.java:110) Started executing test:testLoginButtonIsPresent 
com.hrm.pages.LoginPage 2017-12-22 17:57:17,916 com.hrm.base.BasePage.checkElementIsPresent(BasePage.java:42) PASS:Element is present 
com.hrm.scripts.TestLoginButtonIsPresent 2017-12-22 17:57:17,919 com.hrm.base.BaseTest.postCondition(BaseTest.java:125) Test is PASSED 
com.hrm.scripts.TestLoginButtonIsPresent 2017-12-22 17:57:17,921 com.hrm.base.BaseTest.closeApplication(BaseTest.java:98) Closing Browser 
com.hrm.scripts.TestJobTitle 2017-12-22 17:57:18,712 com.hrm.base.BaseTest.initApplication(BaseTest.java:85) Opening Browser:chrome 
com.hrm.scripts.TestJobTitle 2017-12-22 17:57:26,140 com.hrm.base.BaseTest.preCondition(BaseTest.java:106) Auto login 
com.hrm.scripts.TestJobTitle 2017-12-22 17:57:28,527 com.hrm.base.BaseTest.preCondition(BaseTest.java:110) Started executing test:testJobTitle 
com.hrm.pages.JobTitlesPage 2017-12-22 17:57:37,119 com.hrm.base.BasePage.checkElementIsPresent(BasePage.java:47) PASS: Element is present 
com.hrm.pages.JobTitlesPage 2017-12-22 17:57:59,284 com.hrm.base.BasePage.checkElementIsNotPresent(BasePage.java:59) PASS: Element is Not present 
com.hrm.scripts.TestJobTitle 2017-12-22 17:57:59,288 com.hrm.base.BaseTest.postCondition(BaseTest.java:125) Test is PASSED 
com.hrm.scripts.TestJobTitle 2017-12-22 17:57:59,288 com.hrm.base.BaseTest.postCondition(BaseTest.java:128) Auto logout 
com.hrm.scripts.TestJobTitle 2017-12-22 17:58:00,237 com.hrm.base.BaseTest.closeApplication(BaseTest.java:98) Closing Browser 
com.hrm.scripts.TestIncludeListBox 2017-12-22 17:58:01,086 com.hrm.base.BaseTest.initApplication(BaseTest.java:85) Opening Browser:chrome 
com.hrm.scripts.TestIncludeListBox 2017-12-22 17:58:09,182 com.hrm.base.BaseTest.preCondition(BaseTest.java:106) Auto login 
com.hrm.scripts.TestIncludeListBox 2017-12-22 17:58:11,796 com.hrm.base.BaseTest.preCondition(BaseTest.java:110) Started executing test:testIncludeListBox 
com.hrm.pages.EmpInfoPage 2017-12-22 17:58:15,381 com.hrm.base.BasePage.checkListBoxHasNoDuplicate(BasePage.java:36) PASS:ListBox has no duplicate 
com.hrm.scripts.TestIncludeListBox 2017-12-22 17:58:18,664 com.hrm.base.BaseTest.postCondition(BaseTest.java:120) Test is FAILED 
com.hrm.scripts.TestIncludeListBox 2017-12-22 17:58:18,664 com.hrm.base.BaseTest.postCondition(BaseTest.java:128) Auto logout 
com.hrm.scripts.TestIncludeListBox 2017-12-22 17:58:19,561 com.hrm.base.BaseTest.closeApplication(BaseTest.java:98) Closing Browser 
com.hrm.scripts.LoginLogoutTest 2017-12-22 17:58:20,406 com.hrm.base.BaseTest.initApplication(BaseTest.java:85) Opening Browser:chrome 
com.hrm.scripts.LoginLogoutTest 2017-12-22 17:58:28,659 com.hrm.base.BaseTest.preCondition(BaseTest.java:106) Auto login 
com.hrm.scripts.LoginLogoutTest 2017-12-22 17:58:30,972 com.hrm.base.BaseTest.preCondition(BaseTest.java:110) Started executing test:testAutoLoginLogout1 
com.hrm.scripts.LoginLogoutTest 2017-12-22 17:58:30,975 com.hrm.scripts.LoginLogoutTest.testAutoLoginLogout1(LoginLogoutTest.java:10) This script will automatically login and logout1 
com.hrm.scripts.LoginLogoutTest 2017-12-22 17:58:30,978 com.hrm.base.BaseTest.postCondition(BaseTest.java:125) Test is PASSED 
com.hrm.scripts.LoginLogoutTest 2017-12-22 17:58:30,978 com.hrm.base.BaseTest.postCondition(BaseTest.java:128) Auto logout 
com.hrm.scripts.LoginLogoutTest 2017-12-22 17:58:32,310 com.hrm.base.BaseTest.closeApplication(BaseTest.java:98) Closing Browser 
com.hrm.scripts.Login 2017-12-22 17:58:33,252 com.hrm.base.BaseTest.initApplication(BaseTest.java:85) Opening Browser:chrome 
com.hrm.scripts.Login 2017-12-22 17:58:40,342 com.hrm.base.BaseTest.preCondition(BaseTest.java:106) Auto login 
com.hrm.scripts.Login 2017-12-22 17:58:42,692 com.hrm.base.BaseTest.preCondition(BaseTest.java:110) Started executing test:loginapp 
com.hrm.scripts.Login 2017-12-22 17:58:42,694 com.hrm.scripts.Login.loginapp(Login.java:18) landing page is login page 
com.hrm.scripts.Login 2017-12-22 17:58:42,697 com.hrm.base.BaseTest.postCondition(BaseTest.java:125) Test is PASSED 
com.hrm.scripts.Login 2017-12-22 17:58:42,698 com.hrm.base.BaseTest.postCondition(BaseTest.java:128) Auto logout 
com.hrm.scripts.Login 2017-12-22 17:58:44,150 com.hrm.base.BaseTest.closeApplication(BaseTest.java:98) Closing Browser 
com.hrm.scripts.TestSearchButton 2017-12-22 17:58:45,010 com.hrm.base.BaseTest.initApplication(BaseTest.java:85) Opening Browser:chrome 
com.hrm.scripts.TestSearchButton 2017-12-22 17:58:53,403 com.hrm.base.BaseTest.preCondition(BaseTest.java:106) Auto login 
com.hrm.scripts.TestSearchButton 2017-12-22 17:58:55,777 com.hrm.base.BaseTest.preCondition(BaseTest.java:110) Started executing test:testSearchButton 
com.hrm.pages.EmpInfoPage 2017-12-22 17:58:57,703 com.hrm.base.BasePage.checkElementIsPresent(BasePage.java:42) PASS:Element is present 
com.hrm.scripts.TestSearchButton 2017-12-22 17:58:57,706 com.hrm.base.BaseTest.postCondition(BaseTest.java:125) Test is PASSED 
com.hrm.scripts.TestSearchButton 2017-12-22 17:58:57,706 com.hrm.base.BaseTest.postCondition(BaseTest.java:128) Auto logout 
com.hrm.scripts.TestSearchButton 2017-12-22 17:58:58,533 com.hrm.base.BaseTest.closeApplication(BaseTest.java:98) Closing Browser 
com.hrm.scripts.TestCreateDeleteEmp 2017-12-22 17:58:59,382 com.hrm.base.BaseTest.initApplication(BaseTest.java:85) Opening Browser:chrome 
com.hrm.scripts.TestCreateDeleteEmp 2017-12-22 17:59:06,882 com.hrm.base.BaseTest.preCondition(BaseTest.java:106) Auto login 
com.hrm.scripts.TestCreateDeleteEmp 2017-12-22 17:59:09,229 com.hrm.base.BaseTest.preCondition(BaseTest.java:110) Started executing test:testCreateDeleteEmp 
com.hrm.pages.PersonalDetailsPage 2017-12-22 17:59:18,191 com.hrm.pages.PersonalDetailsPage.checkFirstName(PersonalDetailsPage.java:28) Pass: FirstName is matching 
com.hrm.pages.EmpInfoPage 2017-12-22 17:59:42,169 com.hrm.base.BasePage.checkElementIsNotPresent(BasePage.java:59) PASS: Element is Not present 
com.hrm.pages.EmpInfoPage 2017-12-22 17:59:42,169 com.hrm.pages.EmpInfoPage.checkEmpIsDeleted(EmpInfoPage.java:45) Pass:Emp:0019is Deleted 
com.hrm.scripts.TestCreateDeleteEmp 2017-12-22 17:59:42,187 com.hrm.base.BaseTest.postCondition(BaseTest.java:125) Test is PASSED 
com.hrm.scripts.TestCreateDeleteEmp 2017-12-22 17:59:42,187 com.hrm.base.BaseTest.postCondition(BaseTest.java:128) Auto logout 
com.hrm.scripts.TestCreateDeleteEmp 2017-12-22 17:59:43,031 com.hrm.base.BaseTest.closeApplication(BaseTest.java:98) Closing Browser 
com.hrm.scripts.TestUserRoleListBox 2017-12-22 17:59:43,892 com.hrm.base.BaseTest.initApplication(BaseTest.java:85) Opening Browser:chrome 
com.hrm.scripts.TestUserRoleListBox 2017-12-22 17:59:52,528 com.hrm.base.BaseTest.preCondition(BaseTest.java:106) Auto login 
com.hrm.scripts.TestUserRoleListBox 2017-12-22 17:59:54,884 com.hrm.base.BaseTest.preCondition(BaseTest.java:110) Started executing test:testUserRoleListBox 
com.hrm.pages.SystemUsersPage 2017-12-22 17:59:57,775 com.hrm.base.BasePage.checkListBoxIsSorted(BasePage.java:29) PASS:ListBox is Sorted 
com.hrm.pages.SystemUsersPage 2017-12-22 17:59:57,776 com.hrm.pages.SystemUsersPage.checkUserRoleListBoxIsSorted(SystemUsersPage.java:17) PASS:User Role ListBox is Sorted 
com.hrm.scripts.TestUserRoleListBox 2017-12-22 17:59:57,778 com.hrm.base.BaseTest.postCondition(BaseTest.java:125) Test is PASSED 
com.hrm.scripts.TestUserRoleListBox 2017-12-22 17:59:57,778 com.hrm.base.BaseTest.postCondition(BaseTest.java:128) Auto logout 
com.hrm.scripts.TestUserRoleListBox 2017-12-22 17:59:58,548 com.hrm.base.BaseTest.closeApplication(BaseTest.java:98) Closing Browser 
com.hrm.scripts.TestLeaveListToolTip 2017-12-22 17:59:59,425 com.hrm.base.BaseTest.publishReport(BaseTest.java:72) Publishing ExtentReport:./report/22_12_2017_05_56_43.html 
com.hrm.scripts.TestLeaveListToolTip 2017-12-22 18:14:30,961 com.hrm.base.BaseTest.initFrameWork(BaseTest.java:55) Initializing ExtentReport 
com.hrm.scripts.TestLeaveListToolTip 2017-12-22 18:14:31,470 com.hrm.base.BaseTest.initFrameWork(BaseTest.java:60) Initialize Global Variables 
com.hrm.scripts.TestLeaveListToolTip 2017-12-22 18:14:31,487 com.hrm.base.BaseTest.initApplication(BaseTest.java:85) Opening Browser:chrome 
com.hrm.scripts.TestJobTitle 2017-12-22 18:19:01,259 com.hrm.base.BaseTest.initFrameWork(BaseTest.java:55) Initializing ExtentReport 
com.hrm.scripts.TestJobTitle 2017-12-22 18:19:01,950 com.hrm.base.BaseTest.initFrameWork(BaseTest.java:60) Initialize Global Variables 
com.hrm.scripts.TestJobTitle 2017-12-22 18:19:01,983 com.hrm.base.BaseTest.initApplication(BaseTest.java:85) Opening Browser:chrome 
com.hrm.scripts.TestJobTitle 2017-12-22 18:19:39,977 com.hrm.base.BaseTest.preCondition(BaseTest.java:106) Auto login 
com.hrm.scripts.TestJobTitle 2017-12-22 18:19:44,986 com.hrm.base.BaseTest.preCondition(BaseTest.java:110) Started executing test:testJobTitle 
com.hrm.pages.JobTitlesPage 2017-12-22 18:19:54,324 com.hrm.base.BasePage.checkElementIsPresent(BasePage.java:47) PASS: Element is present 
com.hrm.pages.JobTitlesPage 2017-12-22 18:20:16,548 com.hrm.base.BasePage.checkElementIsNotPresent(BasePage.java:59) PASS: Element is Not present 
com.hrm.scripts.TestJobTitle 2017-12-22 18:20:16,553 com.hrm.base.BaseTest.postCondition(BaseTest.java:125) Test is PASSED 
com.hrm.scripts.TestJobTitle 2017-12-22 18:20:16,554 com.hrm.base.BaseTest.postCondition(BaseTest.java:128) Auto logout 
com.hrm.scripts.TestJobTitle 2017-12-22 18:20:17,453 com.hrm.base.BaseTest.closeApplication(BaseTest.java:98) Closing Browser 
com.hrm.scripts.TestJobTitle 2017-12-22 18:20:18,674 com.hrm.base.BaseTest.publishReport(BaseTest.java:72) Publishing ExtentReport:./report/22_12_2017_06_19_01.html 
com.hrm.scripts.TestLeaveListToolTip 2017-12-22 18:20:33,394 com.hrm.base.BaseTest.initFrameWork(BaseTest.java:55) Initializing ExtentReport 
com.hrm.scripts.TestLeaveListToolTip 2017-12-22 18:20:33,847 com.hrm.base.BaseTest.initFrameWork(BaseTest.java:60) Initialize Global Variables 
com.hrm.scripts.TestLeaveListToolTip 2017-12-22 18:20:33,872 com.hrm.base.BaseTest.initApplication(BaseTest.java:85) Opening Browser:chrome 
com.hrm.scripts.TestLeaveListToolTip 2017-12-22 18:20:43,314 com.hrm.base.BaseTest.preCondition(BaseTest.java:106) Auto login 
com.hrm.scripts.TestLeaveListToolTip 2017-12-22 18:20:46,007 com.hrm.base.BaseTest.preCondition(BaseTest.java:110) Started executing test:testLeaveListToolTip 
com.hrm.pages.LeaveListPage 2017-12-22 18:20:49,084 com.hrm.base.BasePage.checkElementIsPresent(BasePage.java:42) PASS:Element is present 
com.hrm.pages.LeaveListPage 2017-12-22 18:20:49,085 com.hrm.pages.LeaveListPage.checkHideOptionsIsDispalyed(LeaveListPage.java:30) Hide Options tool tip is displayed 
com.hrm.scripts.TestLeaveListToolTip 2017-12-22 18:20:49,093 com.hrm.base.BaseTest.postCondition(BaseTest.java:125) Test is PASSED 
com.hrm.scripts.TestLeaveListToolTip 2017-12-22 18:20:49,094 com.hrm.base.BaseTest.postCondition(BaseTest.java:128) Auto logout 
com.hrm.scripts.TestLeaveListToolTip 2017-12-22 18:20:49,955 com.hrm.base.BaseTest.closeApplication(BaseTest.java:98) Closing Browser 
com.hrm.scripts.TestLeaveListToolTip 2017-12-22 18:20:50,930 com.hrm.base.BaseTest.publishReport(BaseTest.java:72) Publishing ExtentReport:./report/22_12_2017_06_20_33.html 
com.hrm.scripts.TestLeaveListToolTip 2017-12-22 18:21:21,602 com.hrm.base.BaseTest.initFrameWork(BaseTest.java:55) Initializing ExtentReport 
com.hrm.scripts.TestLeaveListToolTip 2017-12-22 18:21:22,048 com.hrm.base.BaseTest.initFrameWork(BaseTest.java:60) Initialize Global Variables 
com.hrm.scripts.TestLeaveListToolTip 2017-12-22 18:21:22,078 com.hrm.base.BaseTest.initApplication(BaseTest.java:85) Opening Browser:chrome 
com.hrm.scripts.TestLeaveListToolTip 2017-12-22 18:21:31,446 com.hrm.base.BaseTest.preCondition(BaseTest.java:106) Auto login 
com.hrm.scripts.TestLeaveListToolTip 2017-12-22 18:21:33,963 com.hrm.base.BaseTest.preCondition(BaseTest.java:110) Started executing test:testLeaveListToolTip 
com.hrm.pages.LeaveListPage 2017-12-22 18:21:36,653 com.hrm.base.BasePage.checkElementIsPresent(BasePage.java:42) PASS:Element is present 
com.hrm.pages.LeaveListPage 2017-12-22 18:21:36,655 com.hrm.pages.LeaveListPage.checkHideOptionsIsDispalyed(LeaveListPage.java:30) Hide Options tool tip is displayed 
com.hrm.scripts.TestLeaveListToolTip 2017-12-22 18:21:36,663 com.hrm.base.BaseTest.postCondition(BaseTest.java:125) Test is PASSED 
com.hrm.scripts.TestLeaveListToolTip 2017-12-22 18:21:36,663 com.hrm.base.BaseTest.postCondition(BaseTest.java:128) Auto logout 
com.hrm.scripts.TestLeaveListToolTip 2017-12-22 18:21:37,573 com.hrm.base.BaseTest.closeApplication(BaseTest.java:98) Closing Browser 
com.hrm.scripts.TestLoginButtonIsPresent 2017-12-22 18:21:38,462 com.hrm.base.BaseTest.initApplication(BaseTest.java:85) Opening Browser:chrome 
com.hrm.scripts.TestLoginButtonIsPresent 2017-12-22 18:21:46,278 com.hrm.base.BaseTest.preCondition(BaseTest.java:110) Started executing test:testLoginButtonIsPresent 
com.hrm.pages.LoginPage 2017-12-22 18:21:46,403 com.hrm.base.BasePage.checkElementIsPresent(BasePage.java:42) PASS:Element is present 
com.hrm.scripts.TestLoginButtonIsPresent 2017-12-22 18:21:46,408 com.hrm.base.BaseTest.postCondition(BaseTest.java:125) Test is PASSED 
com.hrm.scripts.TestLoginButtonIsPresent 2017-12-22 18:21:46,409 com.hrm.base.BaseTest.closeApplication(BaseTest.java:98) Closing Browser 
com.hrm.scripts.TestJobTitle 2017-12-22 18:21:47,238 com.hrm.base.BaseTest.initApplication(BaseTest.java:85) Opening Browser:chrome 
com.hrm.scripts.TestJobTitle 2017-12-22 18:21:52,799 com.hrm.base.BaseTest.preCondition(BaseTest.java:106) Auto login 
com.hrm.scripts.TestJobTitle 2017-12-22 18:21:55,337 com.hrm.base.BaseTest.preCondition(BaseTest.java:110) Started executing test:testJobTitle 
com.hrm.pages.JobTitlesPage 2017-12-22 18:22:00,950 com.hrm.base.BasePage.checkElementIsPresent(BasePage.java:47) PASS: Element is present 
com.hrm.pages.JobTitlesPage 2017-12-22 18:22:22,763 com.hrm.base.BasePage.checkElementIsNotPresent(BasePage.java:59) PASS: Element is Not present 
com.hrm.scripts.TestJobTitle 2017-12-22 18:22:22,766 com.hrm.base.BaseTest.postCondition(BaseTest.java:125) Test is PASSED 
com.hrm.scripts.TestJobTitle 2017-12-22 18:22:22,766 com.hrm.base.BaseTest.postCondition(BaseTest.java:128) Auto logout 
com.hrm.scripts.TestJobTitle 2017-12-22 18:22:23,580 com.hrm.base.BaseTest.closeApplication(BaseTest.java:98) Closing Browser 
com.hrm.scripts.TestIncludeListBox 2017-12-22 18:22:24,436 com.hrm.base.BaseTest.initApplication(BaseTest.java:85) Opening Browser:chrome 
com.hrm.scripts.TestIncludeListBox 2017-12-22 18:22:30,225 com.hrm.base.BaseTest.preCondition(BaseTest.java:106) Auto login 
com.hrm.scripts.TestIncludeListBox 2017-12-22 18:22:32,604 com.hrm.base.BaseTest.preCondition(BaseTest.java:110) Started executing test:testIncludeListBox 
com.hrm.pages.EmpInfoPage 2017-12-22 18:22:35,204 com.hrm.base.BasePage.checkListBoxHasNoDuplicate(BasePage.java:36) PASS:ListBox has no duplicate 
com.hrm.scripts.TestIncludeListBox 2017-12-22 18:22:37,189 com.hrm.base.BaseTest.postCondition(BaseTest.java:120) Test is FAILED 
com.hrm.scripts.TestIncludeListBox 2017-12-22 18:22:37,189 com.hrm.base.BaseTest.postCondition(BaseTest.java:128) Auto logout 
com.hrm.scripts.TestIncludeListBox 2017-12-22 18:22:38,012 com.hrm.base.BaseTest.closeApplication(BaseTest.java:98) Closing Browser 
com.hrm.scripts.LoginLogoutTest 2017-12-22 18:22:38,861 com.hrm.base.BaseTest.initApplication(BaseTest.java:85) Opening Browser:chrome 
com.hrm.scripts.LoginLogoutTest 2017-12-22 18:22:47,012 com.hrm.base.BaseTest.preCondition(BaseTest.java:106) Auto login 
com.hrm.scripts.LoginLogoutTest 2017-12-22 18:22:49,437 com.hrm.base.BaseTest.preCondition(BaseTest.java:110) Started executing test:testAutoLoginLogout1 
com.hrm.scripts.LoginLogoutTest 2017-12-22 18:22:49,439 com.hrm.scripts.LoginLogoutTest.testAutoLoginLogout1(LoginLogoutTest.java:10) This script will automatically login and logout1 
com.hrm.scripts.LoginLogoutTest 2017-12-22 18:22:49,442 com.hrm.base.BaseTest.postCondition(BaseTest.java:125) Test is PASSED 
com.hrm.scripts.LoginLogoutTest 2017-12-22 18:22:49,443 com.hrm.base.BaseTest.postCondition(BaseTest.java:128) Auto logout 
com.hrm.scripts.LoginLogoutTest 2017-12-22 18:22:50,861 com.hrm.base.BaseTest.closeApplication(BaseTest.java:98) Closing Browser 
com.hrm.scripts.Login 2017-12-22 18:22:51,722 com.hrm.base.BaseTest.initApplication(BaseTest.java:85) Opening Browser:chrome 
com.hrm.scripts.Login 2017-12-22 18:22:58,364 com.hrm.base.BaseTest.preCondition(BaseTest.java:106) Auto login 
com.hrm.scripts.Login 2017-12-22 18:23:00,980 com.hrm.base.BaseTest.preCondition(BaseTest.java:110) Started executing test:loginapp 
com.hrm.scripts.Login 2017-12-22 18:23:00,982 com.hrm.scripts.Login.loginapp(Login.java:18) landing page is login page 
com.hrm.scripts.Login 2017-12-22 18:23:00,985 com.hrm.base.BaseTest.postCondition(BaseTest.java:125) Test is PASSED 
com.hrm.scripts.Login 2017-12-22 18:23:00,986 com.hrm.base.BaseTest.postCondition(BaseTest.java:128) Auto logout 
com.hrm.scripts.Login 2017-12-22 18:23:02,470 com.hrm.base.BaseTest.closeApplication(BaseTest.java:98) Closing Browser 
com.hrm.scripts.TestSearchButton 2017-12-22 18:23:03,433 com.hrm.base.BaseTest.initApplication(BaseTest.java:85) Opening Browser:chrome 
com.hrm.scripts.TestSearchButton 2017-12-22 18:23:11,159 com.hrm.base.BaseTest.preCondition(BaseTest.java:106) Auto login 
com.hrm.scripts.TestSearchButton 2017-12-22 18:23:13,751 com.hrm.base.BaseTest.preCondition(BaseTest.java:110) Started executing test:testSearchButton 
com.hrm.pages.EmpInfoPage 2017-12-22 18:23:15,868 com.hrm.base.BasePage.checkElementIsPresent(BasePage.java:42) PASS:Element is present 
com.hrm.scripts.TestSearchButton 2017-12-22 18:23:15,871 com.hrm.base.BaseTest.postCondition(BaseTest.java:125) Test is PASSED 
com.hrm.scripts.TestSearchButton 2017-12-22 18:23:15,871 com.hrm.base.BaseTest.postCondition(BaseTest.java:128) Auto logout 
com.hrm.scripts.TestSearchButton 2017-12-22 18:23:16,716 com.hrm.base.BaseTest.closeApplication(BaseTest.java:98) Closing Browser 
com.hrm.scripts.TestCreateDeleteEmp 2017-12-22 18:23:17,565 com.hrm.base.BaseTest.initApplication(BaseTest.java:85) Opening Browser:chrome 
com.hrm.scripts.TestCreateDeleteEmp 2017-12-22 18:23:24,539 com.hrm.base.BaseTest.preCondition(BaseTest.java:106) Auto login 
com.hrm.scripts.TestCreateDeleteEmp 2017-12-22 18:23:26,916 com.hrm.base.BaseTest.preCondition(BaseTest.java:110) Started executing test:testCreateDeleteEmp 
com.hrm.pages.PersonalDetailsPage 2017-12-22 18:23:34,606 com.hrm.pages.PersonalDetailsPage.checkFirstName(PersonalDetailsPage.java:28) Pass: FirstName is matching 
com.hrm.pages.EmpInfoPage 2017-12-22 18:23:57,844 com.hrm.base.BasePage.checkElementIsNotPresent(BasePage.java:59) PASS: Element is Not present 
com.hrm.pages.EmpInfoPage 2017-12-22 18:23:57,845 com.hrm.pages.EmpInfoPage.checkEmpIsDeleted(EmpInfoPage.java:45) Pass:Emp:0020is Deleted 
com.hrm.scripts.TestCreateDeleteEmp 2017-12-22 18:23:57,847 com.hrm.base.BaseTest.postCondition(BaseTest.java:125) Test is PASSED 
com.hrm.scripts.TestCreateDeleteEmp 2017-12-22 18:23:57,848 com.hrm.base.BaseTest.postCondition(BaseTest.java:128) Auto logout 
com.hrm.scripts.TestCreateDeleteEmp 2017-12-22 18:23:58,878 com.hrm.base.BaseTest.closeApplication(BaseTest.java:98) Closing Browser 
com.hrm.scripts.TestUserRoleListBox 2017-12-22 18:23:59,750 com.hrm.base.BaseTest.initApplication(BaseTest.java:85) Opening Browser:chrome 
com.hrm.scripts.TestUserRoleListBox 2017-12-22 18:24:06,988 com.hrm.base.BaseTest.preCondition(BaseTest.java:106) Auto login 
com.hrm.scripts.TestUserRoleListBox 2017-12-22 18:24:09,400 com.hrm.base.BaseTest.preCondition(BaseTest.java:110) Started executing test:testUserRoleListBox 
com.hrm.pages.SystemUsersPage 2017-12-22 18:24:12,365 com.hrm.base.BasePage.checkListBoxIsSorted(BasePage.java:29) PASS:ListBox is Sorted 
com.hrm.pages.SystemUsersPage 2017-12-22 18:24:12,365 com.hrm.pages.SystemUsersPage.checkUserRoleListBoxIsSorted(SystemUsersPage.java:17) PASS:User Role ListBox is Sorted 
com.hrm.scripts.TestUserRoleListBox 2017-12-22 18:24:12,368 com.hrm.base.BaseTest.postCondition(BaseTest.java:125) Test is PASSED 
com.hrm.scripts.TestUserRoleListBox 2017-12-22 18:24:12,368 com.hrm.base.BaseTest.postCondition(BaseTest.java:128) Auto logout 
com.hrm.scripts.TestUserRoleListBox 2017-12-22 18:24:13,169 com.hrm.base.BaseTest.closeApplication(BaseTest.java:98) Closing Browser 
com.hrm.scripts.TestLeaveListToolTip 2017-12-22 18:24:14,077 com.hrm.base.BaseTest.publishReport(BaseTest.java:72) Publishing ExtentReport:./report/22_12_2017_06_21_21.html 
com.hrm.scripts.TestLeaveListToolTip 2017-12-22 18:27:08,503 com.hrm.base.BaseTest.initFrameWork(BaseTest.java:55) Initializing ExtentReport 
com.hrm.scripts.TestLeaveListToolTip 2017-12-22 18:27:08,749 com.hrm.base.BaseTest.initFrameWork(BaseTest.java:60) Initialize Global Variables 
com.hrm.scripts.TestLeaveListToolTip 2017-12-22 18:27:08,766 com.hrm.base.BaseTest.initApplication(BaseTest.java:85) Opening Browser:chrome 
com.hrm.scripts.TestLoginButtonIsPresent 2017-12-22 18:36:07,907 com.hrm.base.BaseTest.initFrameWork(BaseTest.java:55) Initializing ExtentReport 
com.hrm.scripts.TestLoginButtonIsPresent 2017-12-22 18:36:08,356 com.hrm.base.BaseTest.initFrameWork(BaseTest.java:60) Initialize Global Variables 
com.hrm.scripts.TestLoginButtonIsPresent 2017-12-22 18:36:08,380 com.hrm.base.BaseTest.initApplication(BaseTest.java:85) Opening Browser:chrome 
com.hrm.scripts.TestLoginButtonIsPresent 2017-12-22 18:36:19,270 com.hrm.base.BaseTest.preCondition(BaseTest.java:110) Started executing test:testLoginButtonIsPresent 
com.hrm.pages.LoginPage 2017-12-22 18:36:19,614 com.hrm.base.BasePage.checkElementIsPresent(BasePage.java:42) PASS:Element is present 
com.hrm.scripts.TestLoginButtonIsPresent 2017-12-22 18:36:19,620 com.hrm.base.BaseTest.postCondition(BaseTest.java:125) Test is PASSED 
com.hrm.scripts.TestLoginButtonIsPresent 2017-12-22 18:36:19,625 com.hrm.base.BaseTest.closeApplication(BaseTest.java:98) Closing Browser 
com.hrm.scripts.TestLoginButtonIsPresent 2017-12-22 18:36:20,542 com.hrm.base.BaseTest.publishReport(BaseTest.java:72) Publishing ExtentReport:./report/22_12_2017_06_36_07.html 
com.hrm.scripts.TestSearchButton 2017-12-22 18:37:05,201 com.hrm.base.BaseTest.initFrameWork(BaseTest.java:55) Initializing ExtentReport 
com.hrm.scripts.TestSearchButton 2017-12-22 18:37:05,652 com.hrm.base.BaseTest.initFrameWork(BaseTest.java:60) Initialize Global Variables 
com.hrm.scripts.TestSearchButton 2017-12-22 18:37:05,677 com.hrm.base.BaseTest.initApplication(BaseTest.java:85) Opening Browser:chrome 
com.hrm.scripts.TestSearchButton 2017-12-22 18:37:14,803 com.hrm.base.BaseTest.preCondition(BaseTest.java:106) Auto login 
com.hrm.scripts.TestSearchButton 2017-12-22 18:37:20,718 com.hrm.base.BaseTest.preCondition(BaseTest.java:110) Started executing test:testSearchButton 
com.hrm.pages.EmpInfoPage 2017-12-22 18:37:27,848 com.hrm.base.BasePage.checkElementIsPresent(BasePage.java:42) PASS:Element is present 
com.hrm.scripts.TestSearchButton 2017-12-22 18:37:27,853 com.hrm.base.BaseTest.postCondition(BaseTest.java:125) Test is PASSED 
com.hrm.scripts.TestSearchButton 2017-12-22 18:37:27,854 com.hrm.base.BaseTest.postCondition(BaseTest.java:128) Auto logout 
com.hrm.scripts.TestSearchButton 2017-12-22 18:37:28,906 com.hrm.base.BaseTest.closeApplication(BaseTest.java:98) Closing Browser 
com.hrm.scripts.TestSearchButton 2017-12-22 18:37:29,999 com.hrm.base.BaseTest.publishReport(BaseTest.java:72) Publishing ExtentReport:./report/22_12_2017_06_37_05.html 
com.hrm.scripts.TestLoginButtonIsPresent 2017-12-22 18:37:44,875 com.hrm.base.BaseTest.initFrameWork(BaseTest.java:55) Initializing ExtentReport 
com.hrm.scripts.TestLoginButtonIsPresent 2017-12-22 18:37:45,313 com.hrm.base.BaseTest.initFrameWork(BaseTest.java:60) Initialize Global Variables 
com.hrm.scripts.TestLoginButtonIsPresent 2017-12-22 18:37:45,337 com.hrm.base.BaseTest.initApplication(BaseTest.java:85) Opening Browser:chrome 
com.hrm.scripts.TestLoginButtonIsPresent 2017-12-22 18:37:54,255 com.hrm.base.BaseTest.preCondition(BaseTest.java:110) Started executing test:testLoginButtonIsPresent 
com.hrm.pages.LoginPage 2017-12-22 18:37:54,474 com.hrm.base.BasePage.checkElementIsPresent(BasePage.java:42) PASS:Element is present 
com.hrm.scripts.TestLoginButtonIsPresent 2017-12-22 18:37:54,483 com.hrm.base.BaseTest.postCondition(BaseTest.java:125) Test is PASSED 
com.hrm.scripts.TestLoginButtonIsPresent 2017-12-22 18:37:54,495 com.hrm.base.BaseTest.closeApplication(BaseTest.java:98) Closing Browser 
com.hrm.scripts.TestLoginButtonIsPresent 2017-12-22 18:37:55,341 com.hrm.base.BaseTest.publishReport(BaseTest.java:72) Publishing ExtentReport:./report/22_12_2017_06_37_44.html 
com.hrm.scripts.TestLeaveListToolTip 2017-12-22 18:38:07,435 com.hrm.base.BaseTest.initFrameWork(BaseTest.java:55) Initializing ExtentReport 
com.hrm.scripts.TestLeaveListToolTip 2017-12-22 18:38:07,884 com.hrm.base.BaseTest.initFrameWork(BaseTest.java:60) Initialize Global Variables 
com.hrm.scripts.TestLeaveListToolTip 2017-12-22 18:38:07,909 com.hrm.base.BaseTest.initApplication(BaseTest.java:85) Opening Browser:chrome 
com.hrm.scripts.TestLeaveListToolTip 2017-12-22 18:38:20,643 com.hrm.base.BaseTest.preCondition(BaseTest.java:106) Auto login 
com.hrm.scripts.TestLeaveListToolTip 2017-12-22 18:38:23,348 com.hrm.base.BaseTest.preCondition(BaseTest.java:110) Started executing test:testLeaveListToolTip 
com.hrm.pages.LeaveListPage 2017-12-22 18:38:26,153 com.hrm.base.BasePage.checkElementIsPresent(BasePage.java:42) PASS:Element is present 
com.hrm.pages.LeaveListPage 2017-12-22 18:38:26,153 com.hrm.pages.LeaveListPage.checkHideOptionsIsDispalyed(LeaveListPage.java:30) Hide Options tool tip is displayed 
com.hrm.scripts.TestLeaveListToolTip 2017-12-22 18:38:26,159 com.hrm.base.BaseTest.postCondition(BaseTest.java:125) Test is PASSED 
com.hrm.scripts.TestLeaveListToolTip 2017-12-22 18:38:26,160 com.hrm.base.BaseTest.postCondition(BaseTest.java:128) Auto logout 
com.hrm.scripts.TestLeaveListToolTip 2017-12-22 18:38:26,986 com.hrm.base.BaseTest.closeApplication(BaseTest.java:98) Closing Browser 
com.hrm.scripts.TestLeaveListToolTip 2017-12-22 18:38:27,925 com.hrm.base.BaseTest.publishReport(BaseTest.java:72) Publishing ExtentReport:./report/22_12_2017_06_38_07.html 
com.hrm.scripts.TestJobTitle 2017-12-22 18:38:41,612 com.hrm.base.BaseTest.initFrameWork(BaseTest.java:55) Initializing ExtentReport 
com.hrm.scripts.TestJobTitle 2017-12-22 18:38:42,067 com.hrm.base.BaseTest.initFrameWork(BaseTest.java:60) Initialize Global Variables 
com.hrm.scripts.TestJobTitle 2017-12-22 18:38:42,091 com.hrm.base.BaseTest.initApplication(BaseTest.java:85) Opening Browser:chrome 
com.hrm.scripts.TestJobTitle 2017-12-22 18:38:52,642 com.hrm.base.BaseTest.preCondition(BaseTest.java:106) Auto login 
com.hrm.scripts.TestJobTitle 2017-12-22 18:38:55,097 com.hrm.base.BaseTest.preCondition(BaseTest.java:110) Started executing test:testJobTitle 
com.hrm.pages.JobTitlesPage 2017-12-22 18:39:00,467 com.hrm.base.BasePage.checkElementIsPresent(BasePage.java:47) PASS: Element is present 
com.hrm.pages.JobTitlesPage 2017-12-22 18:39:22,159 com.hrm.base.BasePage.checkElementIsNotPresent(BasePage.java:59) PASS: Element is Not present 
com.hrm.scripts.TestJobTitle 2017-12-22 18:39:22,163 com.hrm.base.BaseTest.postCondition(BaseTest.java:125) Test is PASSED 
com.hrm.scripts.TestJobTitle 2017-12-22 18:39:22,164 com.hrm.base.BaseTest.postCondition(BaseTest.java:128) Auto logout 
com.hrm.scripts.TestJobTitle 2017-12-22 18:39:22,989 com.hrm.base.BaseTest.closeApplication(BaseTest.java:98) Closing Browser 
com.hrm.scripts.TestJobTitle 2017-12-22 18:39:23,878 com.hrm.base.BaseTest.publishReport(BaseTest.java:72) Publishing ExtentReport:./report/22_12_2017_06_38_41.html 
com.hrm.scripts.TestIncludeListBox 2017-12-22 18:39:35,025 com.hrm.base.BaseTest.initFrameWork(BaseTest.java:55) Initializing ExtentReport 
com.hrm.scripts.TestIncludeListBox 2017-12-22 18:39:35,471 com.hrm.base.BaseTest.initFrameWork(BaseTest.java:60) Initialize Global Variables 
com.hrm.scripts.TestIncludeListBox 2017-12-22 18:39:35,507 com.hrm.base.BaseTest.initApplication(BaseTest.java:85) Opening Browser:chrome 
com.hrm.scripts.TestIncludeListBox 2017-12-22 18:39:45,804 com.hrm.base.BaseTest.preCondition(BaseTest.java:106) Auto login 
com.hrm.scripts.TestIncludeListBox 2017-12-22 18:39:48,353 com.hrm.base.BaseTest.preCondition(BaseTest.java:110) Started executing test:testIncludeListBox 
com.hrm.pages.EmpInfoPage 2017-12-22 18:39:50,782 com.hrm.base.BasePage.checkListBoxHasNoDuplicate(BasePage.java:36) PASS:ListBox has no duplicate 
com.hrm.scripts.TestIncludeListBox 2017-12-22 18:39:53,050 com.hrm.base.BaseTest.postCondition(BaseTest.java:120) Test is FAILED 
com.hrm.scripts.TestIncludeListBox 2017-12-22 18:39:53,050 com.hrm.base.BaseTest.postCondition(BaseTest.java:128) Auto logout 
com.hrm.scripts.TestIncludeListBox 2017-12-22 18:39:53,882 com.hrm.base.BaseTest.closeApplication(BaseTest.java:98) Closing Browser 
com.hrm.scripts.TestIncludeListBox 2017-12-22 18:39:54,803 com.hrm.base.BaseTest.publishReport(BaseTest.java:72) Publishing ExtentReport:./report/22_12_2017_06_39_35.html 
com.hrm.scripts.TestLeaveListToolTip 2017-12-22 18:43:27,851 com.hrm.base.BaseTest.initFrameWork(BaseTest.java:55) Initializing ExtentReport 
com.hrm.scripts.TestLeaveListToolTip 2017-12-22 18:43:28,280 com.hrm.base.BaseTest.initFrameWork(BaseTest.java:60) Initialize Global Variables 
com.hrm.scripts.TestLeaveListToolTip 2017-12-22 18:43:28,340 com.hrm.base.BaseTest.initApplication(BaseTest.java:85) Opening Browser:chrome 
com.hrm.scripts.TestLeaveListToolTip 2017-12-22 18:45:18,319 com.hrm.base.BaseTest.initFrameWork(BaseTest.java:55) Initializing ExtentReport 
com.hrm.scripts.TestLeaveListToolTip 2017-12-22 18:45:18,586 com.hrm.base.BaseTest.initFrameWork(BaseTest.java:60) Initialize Global Variables 
com.hrm.scripts.TestLeaveListToolTip 2017-12-22 18:45:18,611 com.hrm.base.BaseTest.initApplication(BaseTest.java:85) Opening Browser:chrome 
